Plugins:
Bundled analyzers:
  - Python Code Quality and Security 3.24.1.11916 (python)
  - Go Code Quality and Security 1.11.0.3905 (go)
  - JaCoCo 1.3.0.1538 (jacoco)
  - Kotlin Code Quality and Security 2.12.0.1956 (kotlin)
  - IaC Code Quality and Security 1.11.0.2847 (iac)
  - JavaScript/TypeScript/CSS Code Quality and Security 9.13.0.20537 (javascript)
  - Ruby Code Quality and Security 1.11.0.3905 (ruby)
  - Scala Code Quality and Security 1.11.0.3905 (sonarscala)
  - C# Code Quality and Security 8.51.0.59060 (csharp)
  - Java Code Quality and Security 7.16.0.30901 (java)
  - HTML Code Quality and Security 3.7.1.3306 (web)
  - Flex Code Quality and Security 2.8.0.3166 (flex)
  - XML Code Quality and Security 2.7.0.3820 (xml)
  - PHP Code Quality and Security 3.27.1.9352 (php)
  - Text Code Quality and Security 2.0.2.1090 (text)
  - VB.NET Code Quality and Security 8.51.0.59060 (vbnet)
  - Configuration detection fot Code Quality and Security 1.2.0.267 (config)
Global server settings:
  - sonar.core.id=147B411E-AZm7woQd2yhs0S196mZe
  - sonar.core.startTime=2025-10-06T23:01:50+0000
  - sonar.forceAuthentication=true
Project server settings:
Project scanner properties:
  - sonar.coverage.exclusions=**/*.spec.js,**/*.test.js,**/tests/**
  - sonar.cpd.exclusions=**/*.spec.js,**/*.test.js
  - sonar.exclusions=**/node_modules/**,**/dist/**,**/public/**,**/*.spec.js,**/*.test.js,**/coverage/**,**/.nuxt/**,**/.next/**
  - sonar.host.url=http://localhost:9000
  - sonar.inclusions=**/*.js,**/*.vue,**/*.ts,**/*.jsx,**/*.tsx
  - sonar.javascript.file.suffixes=.js,.jsx
  - sonar.javascript.lcov.reportPaths=coverage/lcov.info
  - sonar.login=******
  - sonar.projectBaseDir=/Users/macbookpro/Desktop/appweb/vuejs/gfa-survey
  - sonar.projectKey=monprojet
  - sonar.projectName=GFA Survey Application
  - sonar.projectVersion=1.0
  - sonar.qualitygate.wait=true
  - sonar.scanner.apiBaseUrl=http://localhost:9000/api/v2
  - sonar.scanner.app=ScannerCLI
  - sonar.scanner.appVersion=7.3.0.5189
  - sonar.scanner.arch=arm64
  - sonar.scanner.bootstrapStartTime=1759794524989
  - sonar.scanner.home=/opt/homebrew/Cellar/sonar-scanner/7.3.0.5189/libexec
  - sonar.scanner.os=macos
  - sonar.scanner.wasEngineCacheHit=true
  - sonar.sourceEncoding=UTF-8
  - sonar.sources=.
  - sonar.typescript.file.suffixes=.ts,.tsx
  - sonar.vue.file.suffixes=.vue
  - sonar.working.directory=/Users/macbookpro/Desktop/appweb/vuejs/gfa-survey/.scannerwork
  - sonar.ws.timeout=60
